2026-01-28 16:55:06,805 - trading_bot - INFO - Preparing to place order: BUY 0.001 BTCUSDT @ MARKET 
2026-01-28 16:55:06,805 - trading_bot - INFO - Sending API request with params: {'symbol': 'BTCUSDT', 'side': 'BUY', 'type': 'MARKET', 'quantity': 0.001}
2026-01-28 16:55:06,806 - trading_bot - INFO - Order placed successfully: 123
2026-01-28 16:55:06,807 - trading_bot - INFO - Preparing to place order: SELL 0.001 BTCUSDT @ LIMIT 50000
2026-01-28 16:55:06,807 - trading_bot - INFO - Sending API request with params: {'symbol': 'BTCUSDT', 'side': 'SELL', 'type': 'LIMIT', 'quantity': 0.001, 'price': 50000, 'timeInForce': 'GTC'}
2026-01-28 16:55:06,807 - trading_bot - INFO - Order placed successfully: 123
2026-01-28 16:55:33,275 - trading_bot - INFO - Preparing to place order: BUY 0.001 BTCUSDT @ MARKET 
2026-01-28 16:55:33,276 - trading_bot - INFO - Sending API request with params: {'symbol': 'BTCUSDT', 'side': 'BUY', 'type': 'MARKET', 'quantity': 0.001}
2026-01-28 16:55:33,276 - trading_bot - INFO - Order placed successfully: 123
2026-01-28 16:55:33,277 - trading_bot - INFO - Preparing to place order: SELL 0.001 BTCUSDT @ LIMIT 50000
2026-01-28 16:55:33,277 - trading_bot - INFO - Sending API request with params: {'symbol': 'BTCUSDT', 'side': 'SELL', 'type': 'LIMIT', 'quantity': 0.001, 'price': 50000, 'timeInForce': 'GTC'}
2026-01-28 16:55:33,277 - trading_bot - INFO - Order placed successfully: 123
2026-01-28 16:55:52,583 - trading_bot - INFO - Preparing to place order: BUY 0.001 BTCUSDT @ MARKET 
2026-01-28 16:55:52,583 - trading_bot - INFO - Sending API request with params: {'symbol': 'BTCUSDT', 'side': 'BUY', 'type': 'MARKET', 'quantity': 0.001}
2026-01-28 16:55:52,583 - trading_bot - INFO - Order placed successfully: 123
2026-01-28 16:55:52,584 - trading_bot - INFO - Preparing to place order: SELL 0.001 BTCUSDT @ LIMIT 50000
2026-01-28 16:55:52,584 - trading_bot - INFO - Sending API request with params: {'symbol': 'BTCUSDT', 'side': 'SELL', 'type': 'LIMIT', 'quantity': 0.001, 'price': 50000, 'timeInForce': 'GTC'}
2026-01-28 16:55:52,584 - trading_bot - INFO - Order placed successfully: 123
2026-01-28 16:56:12,782 - trading_bot - INFO - Initializing Binance Client for Testnet...
2026-01-28 16:56:13,046 - trading_bot - INFO - Preparing to place order: BUY 0.002 BTCUSDT @ MARKET 
2026-01-28 16:56:13,046 - trading_bot - INFO - Sending API request with params: {'symbol': 'BTCUSDT', 'side': 'BUY', 'type': 'MARKET', 'quantity': 0.002}
2026-01-28 16:56:13,560 - trading_bot - INFO - Order placed successfully: 12012854503
2026-01-28 16:56:19,581 - trading_bot - INFO - Initializing Binance Client for Testnet...
2026-01-28 16:56:19,905 - trading_bot - INFO - Preparing to place order: SELL 0.002 BTCUSDT @ LIMIT 100000.0
2026-01-28 16:56:19,905 - trading_bot - INFO - Sending API request with params: {'symbol': 'BTCUSDT', 'side': 'SELL', 'type': 'LIMIT', 'quantity': 0.002, 'price': 100000.0, 'timeInForce': 'GTC'}
2026-01-28 16:56:20,238 - trading_bot - INFO - Order placed successfully: 12012855669
2026-01-28 17:14:51,220 - trading_bot - INFO - Initializing Binance Client for Testnet...
2026-01-28 17:14:51,603 - trading_bot - INFO - Preparing to place order: BUY 0.01 BTCUSD @ MARKET 
2026-01-28 17:14:51,603 - trading_bot - INFO - Sending API request with params: {'symbol': 'BTCUSD', 'side': 'BUY', 'type': 'MARKET', 'quantity': 0.01}
2026-01-28 17:14:52,236 - trading_bot - ERROR - Binance API Error: 400 - Invalid symbol.
2026-01-28 17:15:49,287 - trading_bot - INFO - Initializing Binance Client for Testnet...
2026-01-28 17:15:49,587 - trading_bot - INFO - Preparing to place order: BUY 0.01 BTCUSDT @ MARKET 
2026-01-28 17:15:49,587 - trading_bot - INFO - Sending API request with params: {'symbol': 'BTCUSDT', 'side': 'BUY', 'type': 'MARKET', 'quantity': 0.01}
2026-01-28 17:15:50,190 - trading_bot - INFO - Order placed successfully: 12012963313
